<?xml version="1.1" encoding="UTF-8"?>
<testsuite name="MultiplierTests" tests="3" failures="0" errors="0" timestamp="2013-03-18T17:52:26" hostname="fjodor-MacBookPro" time="3.512">
  <properties/>
  <testcase name="webdriver" classname="MultiplierTests" time="3.51"/>
  <testcase name="test2x2Is4" classname="MultiplierTests" time="0.0"/>
  <testcase name="test2x2IsNot3" classname="MultiplierTests" time="0.0"/>
  <system-out><![CDATA[]]></system-out>
  <system-err><![CDATA[]]></system-err>
</testsuite>
