<?xml version="1.1" encoding="UTF-8"?>
<testsuite name="MultiplierTests" tests="2" failures="0" errors="0" timestamp="2013-03-18T17:39:43" hostname="fjodor-MacBookPro" time="0.002">
  <properties/>
  <testcase name="test2x2Is4" classname="MultiplierTests" time="0.002"/>
  <testcase name="test2x2IsNot3" classname="MultiplierTests" time="0.0"/>
  <system-out><![CDATA[]]></system-out>
  <system-err><![CDATA[]]></system-err>
</testsuite>
